mode: set
github.com/anuchito/highQ/workshop/isogram/isogram.go:20.31,22.25 2 1
github.com/anuchito/highQ/workshop/isogram/isogram.go:31.2,31.13 1 1
github.com/anuchito/highQ/workshop/isogram/isogram.go:22.25,24.33 2 1
github.com/anuchito/highQ/workshop/isogram/isogram.go:24.33,25.31 1 1
github.com/anuchito/highQ/workshop/isogram/isogram.go:28.4,28.21 1 1
github.com/anuchito/highQ/workshop/isogram/isogram.go:25.31,27.5 1 1
github.com/anuchito/highQ/workshop/say/say.go:32.29,33.14 1 1
github.com/anuchito/highQ/workshop/say/say.go:37.2,38.14 2 1
github.com/anuchito/highQ/workshop/say/say.go:43.2,44.45 2 1
github.com/anuchito/highQ/workshop/say/say.go:49.2,49.34 1 1
github.com/anuchito/highQ/workshop/say/say.go:33.14,35.3 1 1
github.com/anuchito/highQ/workshop/say/say.go:38.14,41.3 2 1
github.com/anuchito/highQ/workshop/say/say.go:44.45,45.26 1 1
github.com/anuchito/highQ/workshop/say/say.go:45.26,47.4 1 1
github.com/anuchito/highQ/workshop/say/say.go:53.34,56.17 3 1
github.com/anuchito/highQ/workshop/say/say.go:59.2,59.9 1 1
github.com/anuchito/highQ/workshop/say/say.go:69.2,69.14 1 1
github.com/anuchito/highQ/workshop/say/say.go:56.17,58.3 1 1
github.com/anuchito/highQ/workshop/say/say.go:60.16,61.28 1 1
github.com/anuchito/highQ/workshop/say/say.go:62.16,63.27 1 1
github.com/anuchito/highQ/workshop/say/say.go:64.16,65.27 1 1
github.com/anuchito/highQ/workshop/say/say.go:66.10,67.55 1 1
github.com/anuchito/highQ/workshop/reverse/string.go:3.30,5.54 2 1
github.com/anuchito/highQ/workshop/reverse/string.go:8.2,8.22 1 1
github.com/anuchito/highQ/workshop/reverse/string.go:5.54,7.3 1 1
github.com/anuchito/highQ/workshop/digit/digit.go:6.50,9.2 2 1
github.com/anuchito/highQ/workshop/digit/digit.go:13.44,15.50 2 1
github.com/anuchito/highQ/workshop/digit/digit.go:25.2,25.15 1 1
github.com/anuchito/highQ/workshop/digit/digit.go:15.50,17.40 2 1
github.com/anuchito/highQ/workshop/digit/digit.go:17.40,18.42 1 1
github.com/anuchito/highQ/workshop/digit/digit.go:18.42,20.5 1 1
github.com/anuchito/highQ/workshop/digit/digit.go:20.10,22.5 1 1
github.com/anuchito/highQ/workshop/digit/digit.go:29.40,31.48 2 1
github.com/anuchito/highQ/workshop/digit/digit.go:37.2,37.15 1 1
github.com/anuchito/highQ/workshop/digit/digit.go:31.48,32.15 1 1
github.com/anuchito/highQ/workshop/digit/digit.go:35.3,35.42 1 1
github.com/anuchito/highQ/workshop/digit/digit.go:32.15,34.4 1 1
github.com/anuchito/highQ/workshop/digit/digit.go:41.40,43.43 2 1
github.com/anuchito/highQ/workshop/digit/digit.go:50.2,50.14 1 1
github.com/anuchito/highQ/workshop/digit/digit.go:43.43,45.26 2 1
github.com/anuchito/highQ/workshop/digit/digit.go:48.3,48.30 1 1
github.com/anuchito/highQ/workshop/digit/digit.go:45.26,47.4 1 1
github.com/anuchito/highQ/workshop/isbn/isbn.go:38.36,40.29 2 1
github.com/anuchito/highQ/workshop/isbn/isbn.go:52.2,52.41 1 1
github.com/anuchito/highQ/workshop/isbn/isbn.go:40.29,41.35 1 1
github.com/anuchito/highQ/workshop/isbn/isbn.go:41.35,44.4 2 1
github.com/anuchito/highQ/workshop/isbn/isbn.go:44.9,44.26 1 1
github.com/anuchito/highQ/workshop/isbn/isbn.go:44.26,45.19 1 1
github.com/anuchito/highQ/workshop/isbn/isbn.go:48.4,49.12 2 1
github.com/anuchito/highQ/workshop/isbn/isbn.go:45.19,47.5 1 1
github.com/anuchito/highQ/workshop/anagram/anagram.go:13.38,13.55 1 1
github.com/anuchito/highQ/workshop/anagram/anagram.go:14.38,14.65 1 1
github.com/anuchito/highQ/workshop/anagram/anagram.go:15.38,15.60 1 1
github.com/anuchito/highQ/workshop/anagram/anagram.go:18.59,23.39 5 1
github.com/anuchito/highQ/workshop/anagram/anagram.go:33.2,33.17 1 1
github.com/anuchito/highQ/workshop/anagram/anagram.go:23.39,28.27 4 1
github.com/anuchito/highQ/workshop/anagram/anagram.go:28.27,30.4 1 1
github.com/anuchito/highQ/workshop/poker/poker.go:28.49,33.29 3 1
github.com/anuchito/highQ/workshop/poker/poker.go:46.2,46.22 1 1
github.com/anuchito/highQ/workshop/poker/poker.go:33.29,35.17 2 1
github.com/anuchito/highQ/workshop/poker/poker.go:39.3,39.67 1 1
github.com/anuchito/highQ/workshop/poker/poker.go:35.17,37.4 1 1
github.com/anuchito/highQ/workshop/poker/poker.go:39.67,41.4 1 1
github.com/anuchito/highQ/workshop/poker/poker.go:41.9,41.42 1 1
github.com/anuchito/highQ/workshop/poker/poker.go:41.42,44.4 2 1
github.com/anuchito/highQ/workshop/poker/poker.go:50.46,51.30 1 1
github.com/anuchito/highQ/workshop/poker/poker.go:56.2,56.14 1 0
github.com/anuchito/highQ/workshop/poker/poker.go:51.30,52.25 1 1
github.com/anuchito/highQ/workshop/poker/poker.go:52.25,54.4 1 1
github.com/anuchito/highQ/workshop/poker/poker.go:62.50,66.37 2 1
github.com/anuchito/highQ/workshop/poker/poker.go:69.2,72.9 3 1
github.com/anuchito/highQ/workshop/poker/poker.go:94.2,95.17 2 1
github.com/anuchito/highQ/workshop/poker/poker.go:66.37,68.3 1 1
github.com/anuchito/highQ/workshop/poker/poker.go:73.29,74.30 1 1
github.com/anuchito/highQ/workshop/poker/poker.go:75.26,76.28 1 1
github.com/anuchito/highQ/workshop/poker/poker.go:77.26,78.26 1 1
github.com/anuchito/highQ/workshop/poker/poker.go:79.15,82.22 2 1
github.com/anuchito/highQ/workshop/poker/poker.go:83.18,84.25 1 1
github.com/anuchito/highQ/workshop/poker/poker.go:85.27,86.29 1 1
github.com/anuchito/highQ/workshop/poker/poker.go:87.27,88.24 1 1
github.com/anuchito/highQ/workshop/poker/poker.go:89.28,90.24 1 1
github.com/anuchito/highQ/workshop/poker/poker.go:91.10,92.25 1 1
github.com/anuchito/highQ/workshop/poker/poker.go:100.39,103.26 2 1
github.com/anuchito/highQ/workshop/poker/poker.go:108.2,109.31 2 1
github.com/anuchito/highQ/workshop/poker/poker.go:113.2,118.33 4 1
github.com/anuchito/highQ/workshop/poker/poker.go:125.2,125.18 1 1
github.com/anuchito/highQ/workshop/poker/poker.go:103.26,105.3 1 1
github.com/anuchito/highQ/workshop/poker/poker.go:109.31,111.3 1 1
github.com/anuchito/highQ/workshop/poker/poker.go:118.33,121.23 3 1
github.com/anuchito/highQ/workshop/poker/poker.go:121.23,123.4 1 1
github.com/anuchito/highQ/workshop/poker/poker.go:131.41,131.59 1 1
github.com/anuchito/highQ/workshop/poker/poker.go:132.41,132.72 1 1
github.com/anuchito/highQ/workshop/poker/poker.go:133.46,134.26 1 1
github.com/anuchito/highQ/workshop/poker/poker.go:137.2,137.28 1 1
github.com/anuchito/highQ/workshop/poker/poker.go:134.26,136.3 1 1
github.com/anuchito/highQ/workshop/poker/poker.go:141.33,143.26 2 1
github.com/anuchito/highQ/workshop/poker/poker.go:150.2,150.13 1 1
github.com/anuchito/highQ/workshop/poker/poker.go:143.26,144.31 1 1
github.com/anuchito/highQ/workshop/poker/poker.go:144.31,146.4 1 1
github.com/anuchito/highQ/workshop/poker/poker.go:146.9,148.4 1 1
github.com/anuchito/highQ/workshop/poker/poker.go:154.36,156.26 2 1
github.com/anuchito/highQ/workshop/poker/poker.go:163.2,163.13 1 1
github.com/anuchito/highQ/workshop/poker/poker.go:156.26,157.32 1 1
github.com/anuchito/highQ/workshop/poker/poker.go:157.32,159.4 1 1
github.com/anuchito/highQ/workshop/poker/poker.go:159.9,161.4 1 1
github.com/anuchito/highQ/workshop/poker/poker.go:167.52,169.21 2 1
github.com/anuchito/highQ/workshop/poker/poker.go:172.2,175.29 3 1
github.com/anuchito/highQ/workshop/poker/poker.go:193.2,193.26 1 1
github.com/anuchito/highQ/workshop/poker/poker.go:169.21,171.3 1 1
github.com/anuchito/highQ/workshop/poker/poker.go:175.29,179.34 4 1
github.com/anuchito/highQ/workshop/poker/poker.go:187.3,187.60 1 1
github.com/anuchito/highQ/workshop/poker/poker.go:190.3,191.18 2 1
github.com/anuchito/highQ/workshop/poker/poker.go:179.34,181.4 1 1
github.com/anuchito/highQ/workshop/poker/poker.go:181.9,181.20 1 1
github.com/anuchito/highQ/workshop/poker/poker.go:181.20,183.4 1 1
github.com/anuchito/highQ/workshop/poker/poker.go:183.9,185.4 1 1
github.com/anuchito/highQ/workshop/poker/poker.go:187.60,189.4 1 1
github.com/anuchito/highQ/workshop/poker/poker.go:197.31,198.14 1 1
github.com/anuchito/highQ/workshop/poker/poker.go:199.11,200.12 1 1
github.com/anuchito/highQ/workshop/poker/poker.go:201.46,202.28 1 1
github.com/anuchito/highQ/workshop/poker/poker.go:203.12,204.12 1 1
github.com/anuchito/highQ/workshop/poker/poker.go:205.11,206.12 1 1
github.com/anuchito/highQ/workshop/poker/poker.go:207.11,208.12 1 1
github.com/anuchito/highQ/workshop/poker/poker.go:209.11,210.12 1 1
github.com/anuchito/highQ/workshop/poker/poker.go:211.10,212.12 1 1
github.com/anuchito/highQ/workshop/clock/clock.go:12.35,14.14 2 1
github.com/anuchito/highQ/workshop/clock/clock.go:17.2,17.20 1 1
github.com/anuchito/highQ/workshop/clock/clock.go:14.14,16.3 1 1
github.com/anuchito/highQ/workshop/clock/clock.go:21.32,23.2 1 1
github.com/anuchito/highQ/workshop/clock/clock.go:26.39,28.2 1 1
github.com/anuchito/highQ/workshop/01binary/binary.go:14.43,16.24 2 1
github.com/anuchito/highQ/workshop/01binary/binary.go:29.2,29.17 1 1
github.com/anuchito/highQ/workshop/01binary/binary.go:16.24,18.10 2 1
github.com/anuchito/highQ/workshop/01binary/binary.go:19.18,21.29 2 1
github.com/anuchito/highQ/workshop/01binary/binary.go:22.23,24.29 2 0
github.com/anuchito/highQ/workshop/01binary/binary.go:25.11,26.19 1 1
github.com/anuchito/highQ/workshop/search/binary.go:6.43,8.20 2 1
github.com/anuchito/highQ/workshop/search/binary.go:16.2,16.14 1 1
github.com/anuchito/highQ/workshop/search/binary.go:8.20,10.27 2 1
github.com/anuchito/highQ/workshop/search/binary.go:10.27,12.4 1 1
github.com/anuchito/highQ/workshop/search/binary.go:12.9,14.4 1 1
github.com/anuchito/highQ/workshop/search/binary.go:20.43,27.9 5 1
github.com/anuchito/highQ/workshop/search/binary.go:28.22,29.31 1 1
github.com/anuchito/highQ/workshop/search/binary.go:30.24,31.61 1 1
github.com/anuchito/highQ/workshop/search/binary.go:32.22,33.55 1 1
github.com/anuchito/highQ/workshop/search/binary.go:34.13,35.58 1 1
github.com/anuchito/highQ/workshop/search/binary.go:36.25,37.46 1 1
github.com/anuchito/highQ/workshop/search/binary.go:38.27,39.60 1 1
github.com/anuchito/highQ/workshop/search/binary.go:40.14,42.53 1 1
github.com/anuchito/highQ/workshop/search/binary.go:43.10,44.12 1 0
github.com/anuchito/highQ/workshop/markdown/markdown.go:10.37,16.43 6 1
github.com/anuchito/highQ/workshop/markdown/markdown.go:60.2,60.16 1 1
github.com/anuchito/highQ/workshop/markdown/markdown.go:63.2,63.14 1 1
github.com/anuchito/highQ/workshop/markdown/markdown.go:66.2,66.30 1 1
github.com/anuchito/highQ/workshop/markdown/markdown.go:16.43,17.38 1 1
github.com/anuchito/highQ/workshop/markdown/markdown.go:18.12,19.44 1 1
github.com/anuchito/highQ/workshop/markdown/markdown.go:23.4,23.40 1 1
github.com/anuchito/highQ/workshop/markdown/markdown.go:24.12,25.17 1 1
github.com/anuchito/highQ/workshop/markdown/markdown.go:28.4,30.9 3 1
github.com/anuchito/highQ/workshop/markdown/markdown.go:31.13,32.16 1 1
github.com/anuchito/highQ/workshop/markdown/markdown.go:35.4,35.18 1 1
github.com/anuchito/highQ/workshop/markdown/markdown.go:39.12,40.55 1 1
github.com/anuchito/highQ/workshop/markdown/markdown.go:56.11,57.24 1 1
github.com/anuchito/highQ/workshop/markdown/markdown.go:19.44,22.5 2 1
github.com/anuchito/highQ/workshop/markdown/markdown.go:25.17,27.5 1 1
github.com/anuchito/highQ/workshop/markdown/markdown.go:32.16,34.5 1 1
github.com/anuchito/highQ/workshop/markdown/markdown.go:35.18,38.5 2 1
github.com/anuchito/highQ/workshop/markdown/markdown.go:40.55,42.15 2 1
github.com/anuchito/highQ/workshop/markdown/markdown.go:47.5,47.10 1 1
github.com/anuchito/highQ/workshop/markdown/markdown.go:42.15,44.6 1 1
github.com/anuchito/highQ/workshop/markdown/markdown.go:44.11,46.6 1 1
github.com/anuchito/highQ/workshop/markdown/markdown.go:48.10,50.11 2 1
github.com/anuchito/highQ/workshop/markdown/markdown.go:50.11,52.6 1 1
github.com/anuchito/highQ/workshop/markdown/markdown.go:52.11,54.6 1 1
github.com/anuchito/highQ/workshop/markdown/markdown.go:60.16,62.3 1 1
github.com/anuchito/highQ/workshop/markdown/markdown.go:63.14,65.3 1 1
github.com/anuchito/highQ/workshop/acronym/acronym.go:13.34,15.55 2 1
github.com/anuchito/highQ/workshop/acronym/acronym.go:18.2,18.16 1 1
github.com/anuchito/highQ/workshop/acronym/acronym.go:15.55,17.3 1 1
github.com/anuchito/highQ/workshop/acronym/acronym.go:21.49,24.25 3 1
github.com/anuchito/highQ/workshop/acronym/acronym.go:40.2,40.16 1 1
github.com/anuchito/highQ/workshop/acronym/acronym.go:43.2,43.15 1 1
github.com/anuchito/highQ/workshop/acronym/acronym.go:24.25,26.28 2 1
github.com/anuchito/highQ/workshop/acronym/acronym.go:36.3,36.10 1 1
github.com/anuchito/highQ/workshop/acronym/acronym.go:26.28,27.27 1 1
github.com/anuchito/highQ/workshop/acronym/acronym.go:27.27,28.19 1 1
github.com/anuchito/highQ/workshop/acronym/acronym.go:28.19,32.11 4 1
github.com/anuchito/highQ/workshop/acronym/acronym.go:36.10,38.4 1 1
github.com/anuchito/highQ/workshop/acronym/acronym.go:40.16,42.3 1 1
github.com/anuchito/highQ/workshop/wordscore/wordscore.go:48.29,50.42 2 1
github.com/anuchito/highQ/workshop/wordscore/wordscore.go:53.2,53.14 1 1
github.com/anuchito/highQ/workshop/wordscore/wordscore.go:50.42,52.3 1 1
